<?xml version="1.0" encoding="UTF-8"?>
<!-- Generated by org.testng.reporters.JUnitReportReporter -->
<testsuite hostname="DESKTOP-9OAOQQV" failures="0" tests="1" name="firstPro.MyfirstTest" time="4.656" errors="0" timestamp="2024-08-06T11:37:32 EET" skipped="0">
  <testcase classname="firstPro.MyfirstTest" name="myFirstTest" time="4.656"/>
  <system-out/>
</testsuite> <!-- firstPro.MyfirstTest -->
